c:\users\tcs11\documents\fa21\cs560\thomas learns cloth physics\thomas-learns-cloth-physics\cs560 project 4\debug\vc142.pdb
c:\users\tcs11\documents\fa21\cs560\thomas learns cloth physics\thomas-learns-cloth-physics\cs560 project 4\debug\vc142.idb
c:\users\tcs11\documents\fa21\cs560\thomas learns cloth physics\thomas-learns-cloth-physics\cs560 project 4\debug\light.obj
c:\users\tcs11\documents\fa21\cs560\thomas learns cloth physics\thomas-learns-cloth-physics\cs560 project 4\debug\main.obj
c:\users\tcs11\documents\fa21\cs560\thomas learns cloth physics\thomas-learns-cloth-physics\cs560 project 4\debug\mathfuncs.obj
c:\users\tcs11\documents\fa21\cs560\thomas learns cloth physics\thomas-learns-cloth-physics\cs560 project 4\debug\texture.obj
c:\users\tcs11\documents\fa21\cs560\thomas learns cloth physics\thomas-learns-cloth-physics\cs560 project 4\debug\point.obj
c:\users\tcs11\documents\fa21\cs560\thomas learns cloth physics\thomas-learns-cloth-physics\cs560 project 4\debug\triangle.obj
c:\users\tcs11\documents\fa21\cs560\thomas learns cloth physics\thomas-learns-cloth-physics\cs560 project 4\debug\spring.obj
c:\users\tcs11\documents\fa21\cs560\thomas learns cloth physics\thomas-learns-cloth-physics\cs560 project 4\debug\wire.obj
c:\users\tcs11\documents\fa21\cs560\thomas learns cloth physics\thomas-learns-cloth-physics\cs560 project 4\debug\cs560 project 4.pdb
c:\users\tcs11\documents\fa21\cs560\thomas learns cloth physics\thomas-learns-cloth-physics\cs560 project 4\debug\cs560 project 4.tlog\cl.command.1.tlog
c:\users\tcs11\documents\fa21\cs560\thomas learns cloth physics\thomas-learns-cloth-physics\cs560 project 4\debug\cs560 project 4.tlog\cl.read.1.tlog
c:\users\tcs11\documents\fa21\cs560\thomas learns cloth physics\thomas-learns-cloth-physics\cs560 project 4\debug\cs560 project 4.tlog\cl.write.1.tlog
c:\users\tcs11\documents\fa21\cs560\thomas learns cloth physics\thomas-learns-cloth-physics\cs560 project 4\debug\cs560 project 4.tlog\link-cvtres.read.1.tlog
c:\users\tcs11\documents\fa21\cs560\thomas learns cloth physics\thomas-learns-cloth-physics\cs560 project 4\debug\cs560 project 4.tlog\link-cvtres.write.1.tlog
c:\users\tcs11\documents\fa21\cs560\thomas learns cloth physics\thomas-learns-cloth-physics\cs560 project 4\debug\cs560 project 4.tlog\link-rc.read.1.tlog
c:\users\tcs11\documents\fa21\cs560\thomas learns cloth physics\thomas-learns-cloth-physics\cs560 project 4\debug\cs560 project 4.tlog\link-rc.write.1.tlog
c:\users\tcs11\documents\fa21\cs560\thomas learns cloth physics\thomas-learns-cloth-physics\cs560 project 4\debug\cs560 project 4.tlog\link.15396-cvtres.read.1.tlog
c:\users\tcs11\documents\fa21\cs560\thomas learns cloth physics\thomas-learns-cloth-physics\cs560 project 4\debug\cs560 project 4.tlog\link.15396-cvtres.write.1.tlog
c:\users\tcs11\documents\fa21\cs560\thomas learns cloth physics\thomas-learns-cloth-physics\cs560 project 4\debug\cs560 project 4.tlog\link.15396-rc.read.1.tlog
c:\users\tcs11\documents\fa21\cs560\thomas learns cloth physics\thomas-learns-cloth-physics\cs560 project 4\debug\cs560 project 4.tlog\link.15396-rc.write.1.tlog
c:\users\tcs11\documents\fa21\cs560\thomas learns cloth physics\thomas-learns-cloth-physics\cs560 project 4\debug\cs560 project 4.tlog\link.15396.read.1.tlog
c:\users\tcs11\documents\fa21\cs560\thomas learns cloth physics\thomas-learns-cloth-physics\cs560 project 4\debug\cs560 project 4.tlog\link.15396.write.1.tlog
c:\users\tcs11\documents\fa21\cs560\thomas learns cloth physics\thomas-learns-cloth-physics\cs560 project 4\debug\cs560 project 4.tlog\link.command.1.tlog
c:\users\tcs11\documents\fa21\cs560\thomas learns cloth physics\thomas-learns-cloth-physics\cs560 project 4\debug\cs560 project 4.tlog\link.read.1.tlog
c:\users\tcs11\documents\fa21\cs560\thomas learns cloth physics\thomas-learns-cloth-physics\cs560 project 4\debug\cs560 project 4.tlog\link.write.1.tlog
